<?xml version="1.0" encoding="UTF-8"?>
<testsuite xmlns:xsi="http://www.w3.org/2001/XMLSchema-instance" xsi:noNamespaceSchemaLocation="https://maven.apache.org/surefire/maven-surefire-plugin/xsd/surefire-test-report.xsd" name="cucumber.options.TestRunner" time="11.862" tests="2" errors="0" skipped="0" failures="0">
  <properties>
[...]
</properties>
  <testcase name="Verify if the place is being added successfully using AddPlaceAPI" classname="Validating place API&apos;s" time="9.054"/>
  <testcase name="Verify if the DeletePlaceAPI is working" classname="Validating place API&apos;s" time="1.495"/>
</testsuite>